<?xml version="1.0" encoding="UTF-8"?>
<!-- Generated by org.testng.reporters.JUnitReportReporter -->
<testsuite skipped="0" hostname="Latitude-KMC" name="tests.SearchTest" tests="2" failures="0" timestamp="16 Aug 2020 22:04:27 GMT" time="29.080" errors="0">
  <testcase name="checkSearchResultWithNonExistentSearchWord" time="13.760" classname="tests.SearchTest"/>
  <testcase name="checkThatUrlContainsSearchWord" time="15.320" classname="tests.SearchTest"/>
</testsuite> <!-- tests.SearchTest -->
