<?xml version="1.0" encoding="UTF-8"?>
<!-- Generated by org.testng.reporters.JUnitReportReporter -->
<testsuite skipped="0" hostname="Latitude-KMC" name="tests.SignInTest" tests="2" failures="0" timestamp="16 Aug 2020 22:04:27 GMT" time="23.716" errors="0">
  <testcase name="checkImpossibilityToSignInWithInvalidMobile" time="9.682" classname="tests.SignInTest"/>
  <testcase name="checkImpossibilityToSignInWithInvalidEmail" time="14.034" classname="tests.SignInTest"/>
</testsuite> <!-- tests.SignInTest -->
