<?xml version="1.0" encoding="UTF-8"?>
<!-- Generated by org.testng.reporters.JUnitReportReporter -->
<testsuite skipped="0" hostname="Latitude-KMC" name="tests.CartTest" tests="4" failures="0" timestamp="16 Aug 2020 22:04:27 GMT" time="63.272" errors="0">
  <testcase name="checkChangeNumberOfItemsInTheCart" time="13.904" classname="tests.CartTest"/>
  <testcase name="checkMoveItemToSaveForeLaterFromTheCart" time="16.779" classname="tests.CartTest"/>
  <testcase name="checkAbilityToAddItemToCart" time="15.181" classname="tests.CartTest"/>
  <testcase name="checkDeleteItemFromTheCart" time="17.408" classname="tests.CartTest"/>
</testsuite> <!-- tests.CartTest -->
