<?xml version="1.0" encoding="UTF-8"?>
<!-- Generated by org.testng.reporters.JUnitReportReporter -->
<testsuite skipped="0" hostname="Latitude-KMC" name="tests.ChooseOptionsTest" tests="1" failures="0" timestamp="16 Aug 2020 22:04:27 GMT" time="14.809" errors="0">
  <testcase name="checkOpenSelectingOptionPopUp" time="14.809" classname="tests.ChooseOptionsTest"/>
</testsuite> <!-- tests.ChooseOptionsTest -->
